<?xml version="1.0" encoding="UTF-8"?>
<testng-results ignored="0" total="1" passed="1" failed="0" skipped="0">
  <reporter-output>
  </reporter-output>
  <suite started-at="2022-09-28T16:02:44 IST" name="Default suite" finished-at="2022-09-28T16:02:57 IST" duration-ms="12653">
    <groups>
    </groups>
    <test started-at="2022-09-28T16:02:44 IST" name="Default test" finished-at="2022-09-28T16:02:57 IST" duration-ms="12653">
      <class name="selenium.ScreenShotTest">
        <test-method signature="f()[pri:0, instance:selenium.ScreenShotTest@6ef888f6]" started-at="2022-09-28T16:02:44 IST" name="f" finished-at="2022-09-28T16:02:57 IST" duration-ms="12553" status="PASS">
          <reporter-output>
          </reporter-output>
        </test-method> <!-- f -->
      </class> <!-- selenium.ScreenShotTest -->
    </test> <!-- Default test -->
  </suite> <!-- Default suite -->
</testng-results>
